time="2022-06-27 11:43:09" level=info msg=" startup meta http service at port :8080 .and debug mode \n"
time="2022-06-27 11:43:17" level=info msg="| 404 |            0s |             ::1 | GET | / |"
time="2022-06-27 11:43:43" level=warning msg="token contains an invalid number of segments"
time="2022-06-27 11:43:43" level=info msg="| 500 |    476.0461ms |             ::1 | GET | /api/auth/loginok |"
time="2022-06-27 11:43:48" level=info msg="| 200 |            0s |             ::1 | GET | /swagger/index.html |"
time="2022-06-27 11:43:48" level=info msg="| 200 |      1.0456ms |             ::1 | GET | /swagger/swagger-ui-standalone-preset.js |"
time="2022-06-27 11:43:48" level=info msg="| 200 |            0s |             ::1 | GET | /swagger/swagger-ui.css |"
time="2022-06-27 11:43:48" level=info msg="| 200 |      3.6213ms |             ::1 | GET | /swagger/swagger-ui-bundle.js |"
time="2022-06-27 11:43:49" level=info msg="| 200 |      1.1033ms |             ::1 | GET | /swagger/doc.json |"
time="2022-06-27 11:43:49" level=info msg="| 200 |            0s |             ::1 | GET | /swagger/favicon-32x32.png |"
time="2022-06-27 11:43:50" level=info msg="| 200 |            0s |             ::1 | GET | /swagger/index.html |"
time="2022-06-27 11:43:50" level=info msg="| 200 |         102µs |             ::1 | GET | /swagger/doc.json |"
time="2022-06-27 11:47:08" level=info msg=" startup meta http service at port :8080 .and debug mode \n"
time="2022-06-27 11:47:11" level=info msg="| 200 |       517.1µs |             ::1 | GET | /swagger/index.html |"
time="2022-06-27 11:47:11" level=info msg="| 200 |       794.4µs |             ::1 | GET | /swagger/swagger-ui.css |"
time="2022-06-27 11:47:11" level=info msg="| 200 |      1.2053ms |             ::1 | GET | /swagger/swagger-ui-standalone-preset.js |"
time="2022-06-27 11:47:11" level=info msg="| 200 |      2.3628ms |             ::1 | GET | /swagger/swagger-ui-bundle.js |"
time="2022-06-27 11:47:11" level=info msg="| 200 |            0s |             ::1 | GET | /swagger/doc.json |"
time="2022-06-27 11:47:11" level=info msg="| 200 |            0s |             ::1 | GET | /swagger/favicon-32x32.png |"
time="2022-06-27 11:47:15" level=info msg="| 200 |            0s |             ::1 | GET | /api/v1/helloworld |"
time="2022-06-27 11:47:48" level=info msg=" startup meta http service at port :8080 .and debug mode \n"
time="2022-06-27 11:47:49" level=info msg="| 200 |       306.5µs |             ::1 | GET | /swagger/index.html |"
time="2022-06-27 11:47:49" level=info msg="| 200 |      1.0217ms |             ::1 | GET | /swagger/swagger-ui.css |"
time="2022-06-27 11:47:49" level=info msg="| 200 |       1.013ms |             ::1 | GET | /swagger/swagger-ui-bundle.js |"
time="2022-06-27 11:47:49" level=info msg="| 200 |       846.9µs |             ::1 | GET | /swagger/swagger-ui-standalone-preset.js |"
time="2022-06-27 11:47:50" level=info msg="| 200 |       604.3µs |             ::1 | GET | /swagger/doc.json |"
time="2022-06-27 11:47:50" level=info msg="| 200 |            0s |             ::1 | GET | /swagger/favicon-32x32.png |"
time="2022-06-27 11:48:12" level=info msg=" startup meta http service at port :8080 .and debug mode \n"
time="2022-06-27 11:48:14" level=info msg="| 200 |      1.1455ms |             ::1 | GET | /swagger/index.html |"
time="2022-06-27 11:48:14" level=info msg="| 200 |            0s |             ::1 | GET | /swagger/swagger-ui.css |"
time="2022-06-27 11:48:14" level=info msg="| 200 |      1.9459ms |             ::1 | GET | /swagger/swagger-ui-bundle.js |"
time="2022-06-27 11:48:14" level=info msg="| 200 |            0s |             ::1 | GET | /swagger/swagger-ui-standalone-preset.js |"
time="2022-06-27 11:48:14" level=info msg="| 200 |       631.4µs |             ::1 | GET | /swagger/doc.json |"
time="2022-06-27 11:48:14" level=info msg="| 200 |            0s |             ::1 | GET | /swagger/favicon-32x32.png |"
